<?xml version="1.0" encoding="UTF-8"?>
<TestRun id="13d0346c-301b-40e1-a17b-9287cd165f1d" name="Vipin.Rane@EZESTL-462 2015-01-21 11:39:39" runUser="EZEST\Vipin.Rane" xmlns="http://microsoft.com/schemas/VisualStudio/TeamTest/2006">
  <TestRunConfiguration name="Local Test Run" id="40fb606d-1489-4529-a6cd-7c659ccbe1f6">
    <Description>This is a default test run configuration for a local test run.</Description>
    <Deployment runDeploymentRoot="E:\Exercise\TestProjects\TestResults\Vipin.Rane_EZESTL-462 2015-01-21 11_39_39" />
    <TestTypeSpecific />
  </TestRunConfiguration>
  <ResultSummary outcome="Completed">
    <Counters total="1" executed="1" passed="1" error="0" failed="0" timeout="0" aborted="0" inconclusive="0" passedButRunAborted="0" notRunnable="0" notExecuted="0" disconnected="0" warning="0" completed="0" inProgress="0" pending="0" />
  </ResultSummary>
  <Times creation="2015-01-21T11:39:39.4095449+05:30" queuing="2015-01-21T11:39:41.0455627+05:30" start="2015-01-21T11:39:41.3155654+05:30" finish="2015-01-21T11:39:41.6195688+05:30" />
  <TestDefinitions>
    <UnitTest name="TestMethod1" storage="e:\exercise\testprojects\testproject1\bin\debug\testproject1.dll" id="59863143-3238-122e-4d8a-637b491cc755">
      <Css projectStructure="" iteration="" />
      <Owners>
        <Owner name="" />
      </Owners>
      <Execution id="507ca380-94f8-4434-8d68-2c4ef25a7c63" />
      <TestMethod codeBase="E:\Exercise\TestProjects\TestProject1\bin\Debug\TestProject1.dll" adapterTypeName="Microsoft.VisualStudio.TestTools.TestTypes.Unit.UnitTestAdapter, Microsoft.VisualStudio.QualityTools.Tips.UnitTest.Adapter, Version=9.0.0.0, Culture=neutral, PublicKeyToken=b03f5f7f11d50a3a" className="TestProject1.UnitTest1, TestProject1" name="TestMethod1" />
    </UnitTest>
  </TestDefinitions>
  <TestLists>
    <TestList name="Results Not in a List" id="8c84fa94-04c1-424b-9868-57a2d4851a1d" />
    <TestList name="All Loaded Results" id="19431567-8539-422a-85d7-44ee4e166bda" />
  </TestLists>
  <TestEntries>
    <TestEntry testId="59863143-3238-122e-4d8a-637b491cc755" executionId="507ca380-94f8-4434-8d68-2c4ef25a7c63" testListId="8c84fa94-04c1-424b-9868-57a2d4851a1d" />
  </TestEntries>
  <Results>
    <UnitTestResult executionId="507ca380-94f8-4434-8d68-2c4ef25a7c63" testId="59863143-3238-122e-4d8a-637b491cc755" testName="TestMethod1" computerName="EZESTL-462" duration="00:00:00.0166478" startTime="2015-01-21T11:39:41.3855661+05:30" endTime="2015-01-21T11:39:41.5595682+05:30" testType="13cdc9d9-ddb5-4fa4-a97d-d965ccfc6d4b" outcome="Passed" testListId="8c84fa94-04c1-424b-9868-57a2d4851a1d">
      <Output>
      </Output>
    </UnitTestResult>
  </Results>
</TestRun>